0 info it worked if it ends with ok
1 verbose cli [ 'D:\\Program Files\\nodejs\\node.exe',
1 verbose cli   'D:\\Program Files\\nodejs\\node_global\\node_modules\\node_modules\\npm\\bin\\npm-cli.js',
1 verbose cli   'run',
1 verbose cli   'build' ]
2 info using npm@3.10.9
3 info using node@v7.9.0
4 verbose run-script [ 'prebuild', 'build', 'postbuild' ]
5 info lifecycle vuex@2.3.1~prebuild: vuex@2.3.1
6 silly lifecycle vuex@2.3.1~prebuild: no script for prebuild, continuing
7 info lifecycle vuex@2.3.1~build: vuex@2.3.1
8 verbose lifecycle vuex@2.3.1~build: unsafe-perm in lifecycle true
9 verbose lifecycle vuex@2.3.1~build: PATH: D:\Program Files\nodejs\node_global\node_modules\node_modules\npm\bin\node-gyp-bin;D:\balac\vue-components\node_modules\.bin;C:\WINDOWS\system32;C:\WINDOWS;C:\WINDOWS\System32\Wbem;C:\WINDOWS\System32\WindowsPowerShell\v1.0\;D:\Program Files\Java\jdk1.8.0_91\bin;%ANDROID_HOME%\tools;%ANDROID_HOME%\platform-tools;C:\Program Files\Microsoft SQL Server\110\Tools\Binn\;%ANDROID_HOME%;%ANDROID_HOME%\platforms;D:\Program Files\Git\cmd;D:\Program Files\TortoiseGit\bin;D:\Program Files\Yarn\bin;D:\AppData\Roaming;D:\AppData\npm;D:\Program Files\nodejs\node_global\node_modules;C:\Users\ytp\AppData\Local\Microsoft\WindowsApps;D:\Program Files\Microsoft VS Code\bin;C:\Users\ytp\AppData\Roaming\npm;C:\Users\ytp\AppData\Local\Yarn\.bin;;;;C:\Program Files\nodejs;;;C:\Program Files\nodejs;D:\Program Files\nodejs\;D:\AppData\Roaming;D:\AppData\npm;D:\Program Files\nodejs\node_global\node_modules;C:\Users\ytp\AppData\Local\Microsoft\WindowsApps;D:\Program Files\Microsoft VS Code\bin;C:\Users\ytp\AppData\Local\Yarn\.bin;C:\Users\ytp\AppData\Roaming\npm
10 verbose lifecycle vuex@2.3.1~build: CWD: D:\balac\vue-components
11 silly lifecycle vuex@2.3.1~build: Args: [ '/d /s /c',
11 silly lifecycle   'npm run build:main && npm run build:esm && npm run build:logger' ]
12 silly lifecycle vuex@2.3.1~build: Returned: code: 1  signal: null
13 info lifecycle vuex@2.3.1~build: Failed to exec build script
14 verbose stack Error: vuex@2.3.1 build: `npm run build:main && npm run build:esm && npm run build:logger`
14 verbose stack Exit status 1
14 verbose stack     at EventEmitter.<anonymous> (D:\Program Files\nodejs\node_global\node_modules\node_modules\npm\lib\utils\lifecycle.js:255:16)
14 verbose stack     at emitTwo (events.js:106:13)
14 verbose stack     at EventEmitter.emit (events.js:194:7)
14 verbose stack     at ChildProcess.<anonymous> (D:\Program Files\nodejs\node_global\node_modules\node_modules\npm\lib\utils\spawn.js:40:14)
14 verbose stack     at emitTwo (events.js:106:13)
14 verbose stack     at ChildProcess.emit (events.js:194:7)
14 verbose stack     at maybeClose (internal/child_process.js:899:16)
14 verbose stack     at Process.ChildProcess._handle.onexit (internal/child_process.js:226:5)
15 verbose pkgid vuex@2.3.1
16 verbose cwd D:\balac\vue-components
17 error Windows_NT 10.0.14393
18 error argv "D:\\Program Files\\nodejs\\node.exe" "D:\\Program Files\\nodejs\\node_global\\node_modules\\node_modules\\npm\\bin\\npm-cli.js" "run" "build"
19 error node v7.9.0
20 error npm  v3.10.9
21 error code ELIFECYCLE
22 error vuex@2.3.1 build: `npm run build:main && npm run build:esm && npm run build:logger`
22 error Exit status 1
23 error Failed at the vuex@2.3.1 build script 'npm run build:main && npm run build:esm && npm run build:logger'.
23 error Make sure you have the latest version of node.js and npm installed.
23 error If you do, this is most likely a problem with the vuex package,
23 error not with npm itself.
23 error Tell the author that this fails on your system:
23 error     npm run build:main && npm run build:esm && npm run build:logger
23 error You can get information on how to open an issue for this project with:
23 error     npm bugs vuex
23 error Or if that isn't available, you can get their info via:
23 error     npm owner ls vuex
23 error There is likely additional logging output above.
24 verbose exit [ 1, true ]
