Arguments: 
  D:\Program Files\nodejs\node.exe D:\Program Files\Yarn\bin\yarn.js

PATH: 
  C:\WINDOWS\system32;C:\WINDOWS;C:\WINDOWS\System32\Wbem;C:\WINDOWS\System32\WindowsPowerShell\v1.0\;D:\Program Files\Java\jdk1.8.0_91\bin;%ANDROID_HOME%\tools;%ANDROID_HOME%\platform-tools;C:\Program Files (x86)\Windows Kits\8.1\Windows Performance Toolkit\;C:\Program Files\Microsoft SQL Server\110\Tools\Binn\;%ANDROID_HOME%;%ANDROID_HOME%\platforms;D:\Program Files\Git\cmd;D:\Program Files\TortoiseGit\bin;D:\Program Files\nodejs\;D:\Program Files\Yarn\bin;D:\AppData\Roaming;D:\AppData\npm;D:\Program Files\nodejs\node_global\node_modules;C:\Users\ytp\AppData\Local\Microsoft\WindowsApps;D:\Program Files\Microsoft VS Code\bin;C:\Users\ytp\AppData\Roaming\npm;C:\Users\ytp\AppData\Local\Yarn\.bin

Yarn version: 
  0.21.3

Node version: 
  6.9.1

Platform: 
  win32 x64

npm manifest: 
  {
    "name": "vuex",
    "version": "2.3.1",
    "description": "state management for Vue.js",
    "main": "dist/vuex.js",
    "module": "dist/vuex.esm.js",
    "unpkg": "dist/vuex.js",
    "typings": "types/index.d.ts",
    "files": [
      "dist",
      "src",
      "types/index.d.ts",
      "types/helpers.d.ts",
      "types/vue.d.ts"
    ],
    "scripts": {
      "dev": "node examples/server.js",
      "dev:dist": "rollup -wm -c build/rollup.config.js",
      "build": "npm run build:main && npm run build:esm && npm run build:logger",
      "build:main": "rollup -c build/rollup.config.js && uglifyjs dist/vuex.js -cm --comments -o dist/vuex.min.js",
      "build:esm": "rollup -c build/rollup.config.js --environment ESM",
      "build:logger": "rollup -c build/rollup.logger.config.js",
      "lint": "eslint src test",
      "test": "npm run lint && npm run test:types && npm run test:unit && npm run test:e2e",
      "test:unit": "rollup -c build/rollup.config.js && jasmine JASMINE_CONFIG_PATH=test/unit/jasmine.json",
      "test:e2e": "node test/e2e/runner.js",
      "test:types": "tsc -p types/test",
      "release": "bash build/release.sh",
      "docs": "cd docs && gitbook serve",
      "docs:deploy": "cd docs && ./deploy.sh"
    },
    "repository": {
      "type": "git",
      "url": "git+https://github.com/vuejs/vuex.git"
    },
    "author": "Evan You",
    "license": "MIT",
    "bugs": {
      "url": "https://github.com/vuejs/vuex/issues"
    },
    "homepage": "https://github.com/vuejs/vuex#readme",
    "devDependencies": {
      "babel-core": "^6.22.1",
      "babel-eslint": "^7.1.1",
      "babel-loader": "^6.2.10",
      "babel-plugin-transform-runtime": "^6.22.0",
      "babel-polyfill": "^6.22.0",
      "babel-preset-es2015": "^6.22.0",
      "babel-preset-es2015-rollup": "^3.0.0",
      "babel-preset-stage-2": "^6.22.0",
      "babel-runtime": "^6.22.0",
      "chromedriver": "^2.27.2",
      "cross-spawn": "^5.0.1",
      "css-loader": "^0.26.1",
      "eslint": "^3.15.0",
      "eslint-config-vue": "^2.0.2",
      "eslint-plugin-vue": "^2.0.1",
      "express": "^4.14.1",
      "jasmine": "2.5.3",
      "jasmine-core": "2.5.2",
      "nightwatch": "^0.9.12",
      "nightwatch-helpers": "^1.2.0",
      "phantomjs-prebuilt": "^2.1.14",
      "rollup": "^0.41.4",
      "rollup-plugin-buble": "^0.15.0",
      "rollup-plugin-replace": "^1.1.1",
      "rollup-watch": "^3.2.2",
      "selenium-server": "^2.53.1",
      "todomvc-app-css": "^2.0.6",
      "typescript": "^2.1.5",
      "uglify-js": "^2.7.5",
      "vue": "^2.1.10",
      "vue-loader": "^11.0.0",
      "vue-template-compiler": "^2.1.10",
      "webpack": "^2.2.1",
      "webpack-dev-middleware": "^1.10.0",
      "webpack-hot-middleware": "^2.16.1"
    }
  }

yarn manifest: 
  No manifest

Lockfile: 
  No lockfile

Trace: 
  Error: getaddrinfo ENOENT registry.yarnpkg.com:443
      at Object.exports._errnoException (util.js:1026:11)
      at errnoException (dns.js:33:15)
      at GetAddrInfoReqWrap.onlookup [as oncomplete] (dns.js:76:26)
